<?xml version="1.0" encoding="UTF-8"?>
<!-- Generated by org.testng.reporters.JUnitReportReporter -->
<testsuite skipped="0" hostname="PC" name="Tests.InvoicesTests" tests="6" failures="0" timestamp="03 Aug 2018 18:38:21 GMT" time="23.614" errors="0">
  <testcase name="clients" time="4.468" classname="Tests.InvoicesTests"/>
  <testcase name="date" time="5.382" classname="Tests.InvoicesTests"/>
  <testcase name="monthButton" time="2.684" classname="Tests.InvoicesTests"/>
  <testcase name="changeStatus" time="2.268" classname="Tests.InvoicesTests"/>
  <testcase name="optionsButton" time="3.743" classname="Tests.InvoicesTests"/>
  <testcase name="editTest" time="5.069" classname="Tests.InvoicesTests"/>
</testsuite> <!-- Tests.InvoicesTests -->
